<?xml version="1.0" encoding="UTF-8"?>
<testng-results ignored="0" total="1" passed="1" failed="0" skipped="0">
  <reporter-output>
  </reporter-output>
  <suite started-at="2023-05-16T15:39:53 IST" name="Default suite" finished-at="2023-05-16T15:39:58 IST" duration-ms="5218">
    <groups>
    </groups>
    <test started-at="2023-05-16T15:39:53 IST" name="Default test" finished-at="2023-05-16T15:39:58 IST" duration-ms="5218">
      <class name="learningTestNg.Learning_Assertions">
        <test-method signature="assertionsTest()[pri:0, instance:learningTestNg.Learning_Assertions@6a370f4]" started-at="2023-05-16T15:39:53 IST" name="assertionsTest" finished-at="2023-05-16T15:39:58 IST" duration-ms="5181" status="PASS">
          <reporter-output>
          </reporter-output>
        </test-method> <!-- assertionsTest -->
      </class> <!-- learningTestNg.Learning_Assertions -->
    </test> <!-- Default test -->
  </suite> <!-- Default suite -->
</testng-results>
