<?xml version="1.0" encoding="UTF-8"?>
<testng-results ignored="0" total="1" passed="1" failed="0" skipped="0">
  <reporter-output>
  </reporter-output>
  <suite started-at="2023-05-18T15:39:05 IST" name="Default suite" finished-at="2023-05-18T15:39:12 IST" duration-ms="7234">
    <groups>
    </groups>
    <test started-at="2023-05-18T15:39:05 IST" name="Default test" finished-at="2023-05-18T15:39:12 IST" duration-ms="7234">
      <class name="testScripts.LoginTest">
        <test-method signature="loginTest()[pri:0, instance:testScripts.LoginTest@1f97cf0d]" started-at="2023-05-18T15:39:05 IST" name="loginTest" finished-at="2023-05-18T15:39:12 IST" duration-ms="7200" status="PASS">
          <reporter-output>
          </reporter-output>
        </test-method> <!-- loginTest -->
      </class> <!-- testScripts.LoginTest -->
    </test> <!-- Default test -->
  </suite> <!-- Default suite -->
</testng-results>
