<?xml version="1.0" encoding="UTF-8"?>
<!-- Generated by org.testng.reporters.JUnitXMLReporter -->
<testsuite ignored="3" hostname="TYSS-Yogita" failures="1" tests="2" name="Default test(failed)" time="0.038" errors="0" timestamp="2023-05-09T15:57:01 IST">
  <testcase classname="learningTestNg.Learning_GroupExecution" name="endToEndTC" time="0.007">
    <failure type="java.lang.ArithmeticException" message="/ by zero">
      <![CDATA[java.lang.ArithmeticException: / by zero
at learningTestNg.Learning_GroupExecution.endToEndTC(Learning_GroupExecution.java:30)
at java.base/java.util.ArrayList.forEach(ArrayList.java:1511)
... Removed 27 stack frames]]>
    </failure>
  </testcase> <!-- endToEndTC -->
  <testcase classname="learningTestNg.Learning_GroupExecution" name="wishlistTest" time="0.0">
    <skipped/>
  </testcase> <!-- wishlistTest -->
  <testcase classname="learningTestNg.Learning_GroupExecution" name="registerTest" time="0.0">
    <ignored/>
  </testcase> <!-- registerTest -->
  <testcase classname="learningTestNg.Learning_GroupExecution" name="loginTest" time="0.0">
    <ignored/>
  </testcase> <!-- loginTest -->
  <testcase classname="learningTestNg.Learning_GroupExecution" name="cartTest" time="0.0">
    <ignored/>
  </testcase> <!-- cartTest -->
</testsuite> <!-- Default test(failed) -->
